<?xml version="1.0" encoding="UTF-8"?>
<testng-results skipped="0" failed="0" ignored="0" total="1" passed="1">
  <reporter-output>
  </reporter-output>
  <suite name="All Test Suite" duration-ms="58" started-at="2021-02-14T20:16:43Z" finished-at="2021-02-14T20:16:43Z">
    <groups>
    </groups>
    <test name="/home/ankur/Documents/Selenium 4.0/MavenJavaTestNGIntegration" duration-ms="58" started-at="2021-02-14T20:16:43Z" finished-at="2021-02-14T20:16:43Z">
      <class name="JavaAppiumTest">
        <test-method status="PASS" signature="appiumMethod()[pri:0, instance:JavaAppiumTest@90f6bfd]" name="appiumMethod" duration-ms="12" started-at="2021-02-14T20:16:43Z" finished-at="2021-02-14T20:16:43Z">
          <reporter-output>
          </reporter-output>
        </test-method> <!-- appiumMethod -->
      </class> <!-- JavaAppiumTest -->
    </test> <!-- /home/ankur/Documents/Selenium 4.0/MavenJavaTestNGIntegration -->
  </suite> <!-- All Test Suite -->
</testng-results>
